C:\USERS\USER\DOCUMENTS\CODE\OF_V0.8.0_VS_RELEASE\APPS\MYAPPS\KINESTTEST\OBJ\DEBUG\TINYXMLERROR.OBJ
C:\USERS\USER\DOCUMENTS\CODE\OF_V0.8.0_VS_RELEASE\APPS\MYAPPS\KINESTTEST\OBJ\DEBUG\TINYXMLPARSER.OBJ
C:\USERS\USER\DOCUMENTS\CODE\OF_V0.8.0_VS_RELEASE\APPS\MYAPPS\KINESTTEST\OBJ\DEBUG\OFXXMLSETTINGS.OBJ
C:\USERS\USER\DOCUMENTS\CODE\OF_V0.8.0_VS_RELEASE\APPS\MYAPPS\KINESTTEST\OBJ\DEBUG\MAIN.OBJ
C:\USERS\USER\DOCUMENTS\CODE\OF_V0.8.0_VS_RELEASE\APPS\MYAPPS\KINESTTEST\OBJ\DEBUG\TESTAPP.OBJ
C:\USERS\USER\DOCUMENTS\CODE\OF_V0.8.0_VS_RELEASE\APPS\MYAPPS\KINESTTEST\OBJ\DEBUG\OFXKINECT.OBJ
C:\USERS\USER\DOCUMENTS\CODE\OF_V0.8.0_VS_RELEASE\APPS\MYAPPS\KINESTTEST\OBJ\DEBUG\FAILGUARD.OBJ
C:\USERS\USER\DOCUMENTS\CODE\OF_V0.8.0_VS_RELEASE\APPS\MYAPPS\KINESTTEST\OBJ\DEBUG\LIBUSBEMU.OBJ
C:\USERS\USER\DOCUMENTS\CODE\OF_V0.8.0_VS_RELEASE\APPS\MYAPPS\KINESTTEST\OBJ\DEBUG\CORE.OBJ
C:\USERS\USER\DOCUMENTS\CODE\OF_V0.8.0_VS_RELEASE\APPS\MYAPPS\KINESTTEST\OBJ\DEBUG\USB_LIBUSB10.OBJ
C:\USERS\USER\DOCUMENTS\CODE\OF_V0.8.0_VS_RELEASE\APPS\MYAPPS\KINESTTEST\OBJ\DEBUG\REGISTRATION.OBJ
C:\USERS\USER\DOCUMENTS\CODE\OF_V0.8.0_VS_RELEASE\APPS\MYAPPS\KINESTTEST\OBJ\DEBUG\TILT.OBJ
C:\USERS\USER\DOCUMENTS\CODE\OF_V0.8.0_VS_RELEASE\APPS\MYAPPS\KINESTTEST\OBJ\DEBUG\CAMERAS.OBJ
C:\USERS\USER\DOCUMENTS\CODE\OF_V0.8.0_VS_RELEASE\APPS\MYAPPS\KINESTTEST\OBJ\DEBUG\OFXCVGRAYSCALEIMAGE.OBJ
C:\USERS\USER\DOCUMENTS\CODE\OF_V0.8.0_VS_RELEASE\APPS\MYAPPS\KINESTTEST\OBJ\DEBUG\OFXCVCOLORIMAGE.OBJ
C:\USERS\USER\DOCUMENTS\CODE\OF_V0.8.0_VS_RELEASE\APPS\MYAPPS\KINESTTEST\OBJ\DEBUG\OFXCVFLOATIMAGE.OBJ
C:\USERS\USER\DOCUMENTS\CODE\OF_V0.8.0_VS_RELEASE\APPS\MYAPPS\KINESTTEST\OBJ\DEBUG\OFXCVSHORTIMAGE.OBJ
C:\USERS\USER\DOCUMENTS\CODE\OF_V0.8.0_VS_RELEASE\APPS\MYAPPS\KINESTTEST\OBJ\DEBUG\OFXCVCONTOURFINDER.OBJ
C:\USERS\USER\DOCUMENTS\CODE\OF_V0.8.0_VS_RELEASE\APPS\MYAPPS\KINESTTEST\OBJ\DEBUG\OFXCVHAARFINDER.OBJ
C:\USERS\USER\DOCUMENTS\CODE\OF_V0.8.0_VS_RELEASE\APPS\MYAPPS\KINESTTEST\OBJ\DEBUG\OFXCVIMAGE.OBJ
C:\USERS\USER\DOCUMENTS\CODE\OF_V0.8.0_VS_RELEASE\APPS\MYAPPS\KINESTTEST\OBJ\DEBUG\TINYXML.OBJ
C:\USERS\USER\DOCUMENTS\CODE\OF_V0.8.0_VS_RELEASE\APPS\MYAPPS\KINESTTEST\OBJ\DEBUG\VC110.PDB
C:\USERS\USER\DOCUMENTS\CODE\OF_V0.8.0_VS_RELEASE\APPS\MYAPPS\KINESTTEST\OBJ\DEBUG\WORKERTHREAD.OBJ
C:\USERS\USER\DOCUMENTS\CODE\OF_V0.8.0_VS_RELEASE\APPS\MYAPPS\KINESTTEST\OBJ\DEBUG\FOO.OBJ
C:\Users\User\Documents\CODE\of_v0.8.0_vs_release\apps\myApps\KinestTest\bin\kinectExample_debug.lib
C:\Users\User\Documents\CODE\of_v0.8.0_vs_release\apps\myApps\KinestTest\bin\kinectExample_debug.exp
C:\USERS\USER\DOCUMENTS\CODE\OF_V0.8.0_VS_RELEASE\APPS\MYAPPS\KINESTTEST\BIN\KINECTEXAMPLE_DEBUG.ILK
C:\USERS\USER\DOCUMENTS\CODE\OF_V0.8.0_VS_RELEASE\APPS\MYAPPS\KINESTTEST\BIN\KINECTEXAMPLE_DEBUG.EXE
C:\USERS\USER\DOCUMENTS\CODE\OF_V0.8.0_VS_RELEASE\APPS\MYAPPS\KINESTTEST\BIN\KINECTEXAMPLE_DEBUG.PDB
C:\USERS\USER\DOCUMENTS\CODE\OF_V0.8.0_VS_RELEASE\APPS\MYAPPS\KINESTTEST\OBJ\DEBUG\ICON.RES
C:\Users\User\Documents\CODE\of_v0.8.0_vs_release\apps\myApps\KinestTest\obj\Debug\kinectExample.vcxprojResolveAssemblyReference.cache
C:\Users\User\Documents\CODE\of_v0.8.0_vs_release\apps\myApps\KinestTest\obj\Debug\cameras.obj
C:\Users\User\Documents\CODE\of_v0.8.0_vs_release\apps\myApps\KinestTest\obj\Debug\core.obj
C:\Users\User\Documents\CODE\of_v0.8.0_vs_release\apps\myApps\KinestTest\obj\Debug\failguard.obj
C:\Users\User\Documents\CODE\of_v0.8.0_vs_release\apps\myApps\KinestTest\obj\Debug\foo.obj
C:\Users\User\Documents\CODE\of_v0.8.0_vs_release\apps\myApps\KinestTest\obj\Debug\libusbemu.obj
C:\Users\User\Documents\CODE\of_v0.8.0_vs_release\apps\myApps\KinestTest\obj\Debug\main.obj
C:\Users\User\Documents\CODE\of_v0.8.0_vs_release\apps\myApps\KinestTest\obj\Debug\ofxCvColorImage.obj
C:\Users\User\Documents\CODE\of_v0.8.0_vs_release\apps\myApps\KinestTest\obj\Debug\ofxCvContourFinder.obj
C:\Users\User\Documents\CODE\of_v0.8.0_vs_release\apps\myApps\KinestTest\obj\Debug\ofxCvFloatImage.obj
C:\Users\User\Documents\CODE\of_v0.8.0_vs_release\apps\myApps\KinestTest\obj\Debug\ofxCvGrayscaleImage.obj
C:\Users\User\Documents\CODE\of_v0.8.0_vs_release\apps\myApps\KinestTest\obj\Debug\ofxCvHaarFinder.obj
C:\Users\User\Documents\CODE\of_v0.8.0_vs_release\apps\myApps\KinestTest\obj\Debug\ofxCvImage.obj
C:\Users\User\Documents\CODE\of_v0.8.0_vs_release\apps\myApps\KinestTest\obj\Debug\ofxCvShortImage.obj
C:\Users\User\Documents\CODE\of_v0.8.0_vs_release\apps\myApps\KinestTest\obj\Debug\ofxKinect.obj
C:\Users\User\Documents\CODE\of_v0.8.0_vs_release\apps\myApps\KinestTest\obj\Debug\ofxXmlSettings.obj
C:\Users\User\Documents\CODE\of_v0.8.0_vs_release\apps\myApps\KinestTest\obj\Debug\registration.obj
C:\Users\User\Documents\CODE\of_v0.8.0_vs_release\apps\myApps\KinestTest\obj\Debug\testApp.obj
C:\Users\User\Documents\CODE\of_v0.8.0_vs_release\apps\myApps\KinestTest\obj\Debug\tilt.obj
C:\Users\User\Documents\CODE\of_v0.8.0_vs_release\apps\myApps\KinestTest\obj\Debug\tinyxml.obj
C:\Users\User\Documents\CODE\of_v0.8.0_vs_release\apps\myApps\KinestTest\obj\Debug\tinyxmlerror.obj
C:\Users\User\Documents\CODE\of_v0.8.0_vs_release\apps\myApps\KinestTest\obj\Debug\tinyxmlparser.obj
C:\Users\User\Documents\CODE\of_v0.8.0_vs_release\apps\myApps\KinestTest\obj\Debug\usb_libusb10.obj
C:\Users\User\Documents\CODE\of_v0.8.0_vs_release\apps\myApps\KinestTest\obj\Debug\WorkerThread.obj
C:\Users\User\Documents\CODE\of_v0.8.0_vs_release\apps\myApps\KinestTest\obj\Debug\cl.command.1.tlog
C:\Users\User\Documents\CODE\of_v0.8.0_vs_release\apps\myApps\KinestTest\obj\Debug\CL.read.1.tlog
C:\Users\User\Documents\CODE\of_v0.8.0_vs_release\apps\myApps\KinestTest\obj\Debug\CL.write.1.tlog
C:\Users\User\Documents\CODE\of_v0.8.0_vs_release\apps\myApps\KinestTest\obj\Debug\kinectExample.write.1.tlog
C:\Users\User\Documents\CODE\of_v0.8.0_vs_release\apps\myApps\KinestTest\obj\Debug\link-cvtres.read.1.tlog
C:\Users\User\Documents\CODE\of_v0.8.0_vs_release\apps\myApps\KinestTest\obj\Debug\link-cvtres.write.1.tlog
C:\Users\User\Documents\CODE\of_v0.8.0_vs_release\apps\myApps\KinestTest\obj\Debug\link-rc.read.1.tlog
C:\Users\User\Documents\CODE\of_v0.8.0_vs_release\apps\myApps\KinestTest\obj\Debug\link-rc.write.1.tlog
C:\Users\User\Documents\CODE\of_v0.8.0_vs_release\apps\myApps\KinestTest\obj\Debug\link.1500-cvtres.read.1.tlog
C:\Users\User\Documents\CODE\of_v0.8.0_vs_release\apps\myApps\KinestTest\obj\Debug\link.1500-cvtres.write.1.tlog
C:\Users\User\Documents\CODE\of_v0.8.0_vs_release\apps\myApps\KinestTest\obj\Debug\link.1500-rc.read.1.tlog
C:\Users\User\Documents\CODE\of_v0.8.0_vs_release\apps\myApps\KinestTest\obj\Debug\link.1500-rc.write.1.tlog
C:\Users\User\Documents\CODE\of_v0.8.0_vs_release\apps\myApps\KinestTest\obj\Debug\link.1500.read.1.tlog
C:\Users\User\Documents\CODE\of_v0.8.0_vs_release\apps\myApps\KinestTest\obj\Debug\link.1500.write.1.tlog
C:\Users\User\Documents\CODE\of_v0.8.0_vs_release\apps\myApps\KinestTest\obj\Debug\link.1904-cvtres.read.1.tlog
C:\Users\User\Documents\CODE\of_v0.8.0_vs_release\apps\myApps\KinestTest\obj\Debug\link.1904-cvtres.write.1.tlog
C:\Users\User\Documents\CODE\of_v0.8.0_vs_release\apps\myApps\KinestTest\obj\Debug\link.1904-rc.read.1.tlog
C:\Users\User\Documents\CODE\of_v0.8.0_vs_release\apps\myApps\KinestTest\obj\Debug\link.1904-rc.write.1.tlog
C:\Users\User\Documents\CODE\of_v0.8.0_vs_release\apps\myApps\KinestTest\obj\Debug\link.1904.read.1.tlog
C:\Users\User\Documents\CODE\of_v0.8.0_vs_release\apps\myApps\KinestTest\obj\Debug\link.1904.write.1.tlog
C:\Users\User\Documents\CODE\of_v0.8.0_vs_release\apps\myApps\KinestTest\obj\Debug\link.2256-cvtres.read.1.tlog
C:\Users\User\Documents\CODE\of_v0.8.0_vs_release\apps\myApps\KinestTest\obj\Debug\link.2256-cvtres.write.1.tlog
C:\Users\User\Documents\CODE\of_v0.8.0_vs_release\apps\myApps\KinestTest\obj\Debug\link.2256-rc.read.1.tlog
C:\Users\User\Documents\CODE\of_v0.8.0_vs_release\apps\myApps\KinestTest\obj\Debug\link.2256-rc.write.1.tlog
C:\Users\User\Documents\CODE\of_v0.8.0_vs_release\apps\myApps\KinestTest\obj\Debug\link.2256.read.1.tlog
C:\Users\User\Documents\CODE\of_v0.8.0_vs_release\apps\myApps\KinestTest\obj\Debug\link.2256.write.1.tlog
C:\Users\User\Documents\CODE\of_v0.8.0_vs_release\apps\myApps\KinestTest\obj\Debug\link.2520-cvtres.read.1.tlog
C:\Users\User\Documents\CODE\of_v0.8.0_vs_release\apps\myApps\KinestTest\obj\Debug\link.2520-cvtres.write.1.tlog
C:\Users\User\Documents\CODE\of_v0.8.0_vs_release\apps\myApps\KinestTest\obj\Debug\link.2520-rc.read.1.tlog
C:\Users\User\Documents\CODE\of_v0.8.0_vs_release\apps\myApps\KinestTest\obj\Debug\link.2520-rc.write.1.tlog
C:\Users\User\Documents\CODE\of_v0.8.0_vs_release\apps\myApps\KinestTest\obj\Debug\link.2520.read.1.tlog
C:\Users\User\Documents\CODE\of_v0.8.0_vs_release\apps\myApps\KinestTest\obj\Debug\link.2520.write.1.tlog
C:\Users\User\Documents\CODE\of_v0.8.0_vs_release\apps\myApps\KinestTest\obj\Debug\link.3156-cvtres.read.1.tlog
C:\Users\User\Documents\CODE\of_v0.8.0_vs_release\apps\myApps\KinestTest\obj\Debug\link.3156-cvtres.write.1.tlog
C:\Users\User\Documents\CODE\of_v0.8.0_vs_release\apps\myApps\KinestTest\obj\Debug\link.3156-rc.read.1.tlog
C:\Users\User\Documents\CODE\of_v0.8.0_vs_release\apps\myApps\KinestTest\obj\Debug\link.3156-rc.write.1.tlog
C:\Users\User\Documents\CODE\of_v0.8.0_vs_release\apps\myApps\KinestTest\obj\Debug\link.3156.read.1.tlog
C:\Users\User\Documents\CODE\of_v0.8.0_vs_release\apps\myApps\KinestTest\obj\Debug\link.3156.write.1.tlog
C:\Users\User\Documents\CODE\of_v0.8.0_vs_release\apps\myApps\KinestTest\obj\Debug\link.3308-cvtres.read.1.tlog
C:\Users\User\Documents\CODE\of_v0.8.0_vs_release\apps\myApps\KinestTest\obj\Debug\link.3308-cvtres.write.1.tlog
C:\Users\User\Documents\CODE\of_v0.8.0_vs_release\apps\myApps\KinestTest\obj\Debug\link.3308-rc.read.1.tlog
C:\Users\User\Documents\CODE\of_v0.8.0_vs_release\apps\myApps\KinestTest\obj\Debug\link.3308-rc.write.1.tlog
C:\Users\User\Documents\CODE\of_v0.8.0_vs_release\apps\myApps\KinestTest\obj\Debug\link.3308.read.1.tlog
C:\Users\User\Documents\CODE\of_v0.8.0_vs_release\apps\myApps\KinestTest\obj\Debug\link.3308.write.1.tlog
C:\Users\User\Documents\CODE\of_v0.8.0_vs_release\apps\myApps\KinestTest\obj\Debug\link.3356-cvtres.read.1.tlog
C:\Users\User\Documents\CODE\of_v0.8.0_vs_release\apps\myApps\KinestTest\obj\Debug\link.3356-cvtres.write.1.tlog
C:\Users\User\Documents\CODE\of_v0.8.0_vs_release\apps\myApps\KinestTest\obj\Debug\link.3356-rc.read.1.tlog
C:\Users\User\Documents\CODE\of_v0.8.0_vs_release\apps\myApps\KinestTest\obj\Debug\link.3356-rc.write.1.tlog
C:\Users\User\Documents\CODE\of_v0.8.0_vs_release\apps\myApps\KinestTest\obj\Debug\link.3356.read.1.tlog
C:\Users\User\Documents\CODE\of_v0.8.0_vs_release\apps\myApps\KinestTest\obj\Debug\link.3356.write.1.tlog
C:\Users\User\Documents\CODE\of_v0.8.0_vs_release\apps\myApps\KinestTest\obj\Debug\link.3612-cvtres.read.1.tlog
C:\Users\User\Documents\CODE\of_v0.8.0_vs_release\apps\myApps\KinestTest\obj\Debug\link.3612-cvtres.write.1.tlog
C:\Users\User\Documents\CODE\of_v0.8.0_vs_release\apps\myApps\KinestTest\obj\Debug\link.3612-rc.read.1.tlog
C:\Users\User\Documents\CODE\of_v0.8.0_vs_release\apps\myApps\KinestTest\obj\Debug\link.3612-rc.write.1.tlog
C:\Users\User\Documents\CODE\of_v0.8.0_vs_release\apps\myApps\KinestTest\obj\Debug\link.3612.read.1.tlog
C:\Users\User\Documents\CODE\of_v0.8.0_vs_release\apps\myApps\KinestTest\obj\Debug\link.3612.write.1.tlog
C:\Users\User\Documents\CODE\of_v0.8.0_vs_release\apps\myApps\KinestTest\obj\Debug\link.3688-cvtres.read.1.tlog
C:\Users\User\Documents\CODE\of_v0.8.0_vs_release\apps\myApps\KinestTest\obj\Debug\link.3688-cvtres.write.1.tlog
C:\Users\User\Documents\CODE\of_v0.8.0_vs_release\apps\myApps\KinestTest\obj\Debug\link.3688-rc.read.1.tlog
C:\Users\User\Documents\CODE\of_v0.8.0_vs_release\apps\myApps\KinestTest\obj\Debug\link.3688-rc.write.1.tlog
C:\Users\User\Documents\CODE\of_v0.8.0_vs_release\apps\myApps\KinestTest\obj\Debug\link.3688.read.1.tlog
C:\Users\User\Documents\CODE\of_v0.8.0_vs_release\apps\myApps\KinestTest\obj\Debug\link.3688.write.1.tlog
C:\Users\User\Documents\CODE\of_v0.8.0_vs_release\apps\myApps\KinestTest\obj\Debug\link.4112-cvtres.read.1.tlog
C:\Users\User\Documents\CODE\of_v0.8.0_vs_release\apps\myApps\KinestTest\obj\Debug\link.4112-cvtres.write.1.tlog
C:\Users\User\Documents\CODE\of_v0.8.0_vs_release\apps\myApps\KinestTest\obj\Debug\link.4112-rc.read.1.tlog
C:\Users\User\Documents\CODE\of_v0.8.0_vs_release\apps\myApps\KinestTest\obj\Debug\link.4112-rc.write.1.tlog
C:\Users\User\Documents\CODE\of_v0.8.0_vs_release\apps\myApps\KinestTest\obj\Debug\link.4112.read.1.tlog
C:\Users\User\Documents\CODE\of_v0.8.0_vs_release\apps\myApps\KinestTest\obj\Debug\link.4112.write.1.tlog
C:\Users\User\Documents\CODE\of_v0.8.0_vs_release\apps\myApps\KinestTest\obj\Debug\link.4168-cvtres.read.1.tlog
C:\Users\User\Documents\CODE\of_v0.8.0_vs_release\apps\myApps\KinestTest\obj\Debug\link.4168-cvtres.write.1.tlog
C:\Users\User\Documents\CODE\of_v0.8.0_vs_release\apps\myApps\KinestTest\obj\Debug\link.4168-rc.read.1.tlog
C:\Users\User\Documents\CODE\of_v0.8.0_vs_release\apps\myApps\KinestTest\obj\Debug\link.4168-rc.write.1.tlog
C:\Users\User\Documents\CODE\of_v0.8.0_vs_release\apps\myApps\KinestTest\obj\Debug\link.4168.read.1.tlog
C:\Users\User\Documents\CODE\of_v0.8.0_vs_release\apps\myApps\KinestTest\obj\Debug\link.4168.write.1.tlog
C:\Users\User\Documents\CODE\of_v0.8.0_vs_release\apps\myApps\KinestTest\obj\Debug\link.4196-cvtres.read.1.tlog
C:\Users\User\Documents\CODE\of_v0.8.0_vs_release\apps\myApps\KinestTest\obj\Debug\link.4196-cvtres.write.1.tlog
C:\Users\User\Documents\CODE\of_v0.8.0_vs_release\apps\myApps\KinestTest\obj\Debug\link.4196-rc.read.1.tlog
C:\Users\User\Documents\CODE\of_v0.8.0_vs_release\apps\myApps\KinestTest\obj\Debug\link.4196-rc.write.1.tlog
C:\Users\User\Documents\CODE\of_v0.8.0_vs_release\apps\myApps\KinestTest\obj\Debug\link.4196.read.1.tlog
C:\Users\User\Documents\CODE\of_v0.8.0_vs_release\apps\myApps\KinestTest\obj\Debug\link.4196.write.1.tlog
C:\Users\User\Documents\CODE\of_v0.8.0_vs_release\apps\myApps\KinestTest\obj\Debug\link.4244-cvtres.read.1.tlog
C:\Users\User\Documents\CODE\of_v0.8.0_vs_release\apps\myApps\KinestTest\obj\Debug\link.4244-cvtres.write.1.tlog
C:\Users\User\Documents\CODE\of_v0.8.0_vs_release\apps\myApps\KinestTest\obj\Debug\link.4244-rc.read.1.tlog
C:\Users\User\Documents\CODE\of_v0.8.0_vs_release\apps\myApps\KinestTest\obj\Debug\link.4244-rc.write.1.tlog
C:\Users\User\Documents\CODE\of_v0.8.0_vs_release\apps\myApps\KinestTest\obj\Debug\link.4244.read.1.tlog
C:\Users\User\Documents\CODE\of_v0.8.0_vs_release\apps\myApps\KinestTest\obj\Debug\link.4244.write.1.tlog
C:\Users\User\Documents\CODE\of_v0.8.0_vs_release\apps\myApps\KinestTest\obj\Debug\link.4308-cvtres.read.1.tlog
C:\Users\User\Documents\CODE\of_v0.8.0_vs_release\apps\myApps\KinestTest\obj\Debug\link.4308-cvtres.write.1.tlog
C:\Users\User\Documents\CODE\of_v0.8.0_vs_release\apps\myApps\KinestTest\obj\Debug\link.4308-rc.read.1.tlog
C:\Users\User\Documents\CODE\of_v0.8.0_vs_release\apps\myApps\KinestTest\obj\Debug\link.4308-rc.write.1.tlog
C:\Users\User\Documents\CODE\of_v0.8.0_vs_release\apps\myApps\KinestTest\obj\Debug\link.4308.read.1.tlog
C:\Users\User\Documents\CODE\of_v0.8.0_vs_release\apps\myApps\KinestTest\obj\Debug\link.4308.write.1.tlog
C:\Users\User\Documents\CODE\of_v0.8.0_vs_release\apps\myApps\KinestTest\obj\Debug\link.4480-cvtres.read.1.tlog
C:\Users\User\Documents\CODE\of_v0.8.0_vs_release\apps\myApps\KinestTest\obj\Debug\link.4480-cvtres.write.1.tlog
C:\Users\User\Documents\CODE\of_v0.8.0_vs_release\apps\myApps\KinestTest\obj\Debug\link.4480-rc.read.1.tlog
C:\Users\User\Documents\CODE\of_v0.8.0_vs_release\apps\myApps\KinestTest\obj\Debug\link.4480-rc.write.1.tlog
C:\Users\User\Documents\CODE\of_v0.8.0_vs_release\apps\myApps\KinestTest\obj\Debug\link.4480.read.1.tlog
C:\Users\User\Documents\CODE\of_v0.8.0_vs_release\apps\myApps\KinestTest\obj\Debug\link.4480.write.1.tlog
C:\Users\User\Documents\CODE\of_v0.8.0_vs_release\apps\myApps\KinestTest\obj\Debug\link.4540-cvtres.read.1.tlog
C:\Users\User\Documents\CODE\of_v0.8.0_vs_release\apps\myApps\KinestTest\obj\Debug\link.4540-cvtres.write.1.tlog
C:\Users\User\Documents\CODE\of_v0.8.0_vs_release\apps\myApps\KinestTest\obj\Debug\link.4540-rc.read.1.tlog
C:\Users\User\Documents\CODE\of_v0.8.0_vs_release\apps\myApps\KinestTest\obj\Debug\link.4540-rc.write.1.tlog
C:\Users\User\Documents\CODE\of_v0.8.0_vs_release\apps\myApps\KinestTest\obj\Debug\link.4540.read.1.tlog
C:\Users\User\Documents\CODE\of_v0.8.0_vs_release\apps\myApps\KinestTest\obj\Debug\link.4540.write.1.tlog
C:\Users\User\Documents\CODE\of_v0.8.0_vs_release\apps\myApps\KinestTest\obj\Debug\link.4592-cvtres.read.1.tlog
C:\Users\User\Documents\CODE\of_v0.8.0_vs_release\apps\myApps\KinestTest\obj\Debug\link.4592-cvtres.write.1.tlog
C:\Users\User\Documents\CODE\of_v0.8.0_vs_release\apps\myApps\KinestTest\obj\Debug\link.4592-rc.read.1.tlog
C:\Users\User\Documents\CODE\of_v0.8.0_vs_release\apps\myApps\KinestTest\obj\Debug\link.4592-rc.write.1.tlog
C:\Users\User\Documents\CODE\of_v0.8.0_vs_release\apps\myApps\KinestTest\obj\Debug\link.4592.read.1.tlog
C:\Users\User\Documents\CODE\of_v0.8.0_vs_release\apps\myApps\KinestTest\obj\Debug\link.4592.write.1.tlog
C:\Users\User\Documents\CODE\of_v0.8.0_vs_release\apps\myApps\KinestTest\obj\Debug\link.4616-cvtres.read.1.tlog
C:\Users\User\Documents\CODE\of_v0.8.0_vs_release\apps\myApps\KinestTest\obj\Debug\link.4616-cvtres.write.1.tlog
C:\Users\User\Documents\CODE\of_v0.8.0_vs_release\apps\myApps\KinestTest\obj\Debug\link.4616-rc.read.1.tlog
C:\Users\User\Documents\CODE\of_v0.8.0_vs_release\apps\myApps\KinestTest\obj\Debug\link.4616-rc.write.1.tlog
C:\Users\User\Documents\CODE\of_v0.8.0_vs_release\apps\myApps\KinestTest\obj\Debug\link.4616.read.1.tlog
C:\Users\User\Documents\CODE\of_v0.8.0_vs_release\apps\myApps\KinestTest\obj\Debug\link.4616.write.1.tlog
C:\Users\User\Documents\CODE\of_v0.8.0_vs_release\apps\myApps\KinestTest\obj\Debug\link.4624-cvtres.read.1.tlog
C:\Users\User\Documents\CODE\of_v0.8.0_vs_release\apps\myApps\KinestTest\obj\Debug\link.4624-cvtres.write.1.tlog
C:\Users\User\Documents\CODE\of_v0.8.0_vs_release\apps\myApps\KinestTest\obj\Debug\link.4624-rc.read.1.tlog
C:\Users\User\Documents\CODE\of_v0.8.0_vs_release\apps\myApps\KinestTest\obj\Debug\link.4624-rc.write.1.tlog
C:\Users\User\Documents\CODE\of_v0.8.0_vs_release\apps\myApps\KinestTest\obj\Debug\link.4624.read.1.tlog
C:\Users\User\Documents\CODE\of_v0.8.0_vs_release\apps\myApps\KinestTest\obj\Debug\link.4624.write.1.tlog
C:\Users\User\Documents\CODE\of_v0.8.0_vs_release\apps\myApps\KinestTest\obj\Debug\link.4664-cvtres.read.1.tlog
C:\Users\User\Documents\CODE\of_v0.8.0_vs_release\apps\myApps\KinestTest\obj\Debug\link.4664-cvtres.write.1.tlog
C:\Users\User\Documents\CODE\of_v0.8.0_vs_release\apps\myApps\KinestTest\obj\Debug\link.4664-rc.read.1.tlog
C:\Users\User\Documents\CODE\of_v0.8.0_vs_release\apps\myApps\KinestTest\obj\Debug\link.4664-rc.write.1.tlog
C:\Users\User\Documents\CODE\of_v0.8.0_vs_release\apps\myApps\KinestTest\obj\Debug\link.4664.read.1.tlog
C:\Users\User\Documents\CODE\of_v0.8.0_vs_release\apps\myApps\KinestTest\obj\Debug\link.4664.write.1.tlog
C:\Users\User\Documents\CODE\of_v0.8.0_vs_release\apps\myApps\KinestTest\obj\Debug\link.4720-cvtres.read.1.tlog
C:\Users\User\Documents\CODE\of_v0.8.0_vs_release\apps\myApps\KinestTest\obj\Debug\link.4720-cvtres.write.1.tlog
C:\Users\User\Documents\CODE\of_v0.8.0_vs_release\apps\myApps\KinestTest\obj\Debug\link.4720-rc.read.1.tlog
C:\Users\User\Documents\CODE\of_v0.8.0_vs_release\apps\myApps\KinestTest\obj\Debug\link.4720-rc.write.1.tlog
C:\Users\User\Documents\CODE\of_v0.8.0_vs_release\apps\myApps\KinestTest\obj\Debug\link.4720.read.1.tlog
C:\Users\User\Documents\CODE\of_v0.8.0_vs_release\apps\myApps\KinestTest\obj\Debug\link.4720.write.1.tlog
C:\Users\User\Documents\CODE\of_v0.8.0_vs_release\apps\myApps\KinestTest\obj\Debug\link.4744-cvtres.read.1.tlog
C:\Users\User\Documents\CODE\of_v0.8.0_vs_release\apps\myApps\KinestTest\obj\Debug\link.4744-cvtres.write.1.tlog
C:\Users\User\Documents\CODE\of_v0.8.0_vs_release\apps\myApps\KinestTest\obj\Debug\link.4744-rc.read.1.tlog
C:\Users\User\Documents\CODE\of_v0.8.0_vs_release\apps\myApps\KinestTest\obj\Debug\link.4744-rc.write.1.tlog
C:\Users\User\Documents\CODE\of_v0.8.0_vs_release\apps\myApps\KinestTest\obj\Debug\link.4744.read.1.tlog
C:\Users\User\Documents\CODE\of_v0.8.0_vs_release\apps\myApps\KinestTest\obj\Debug\link.4744.write.1.tlog
C:\Users\User\Documents\CODE\of_v0.8.0_vs_release\apps\myApps\KinestTest\obj\Debug\link.4780-cvtres.read.1.tlog
C:\Users\User\Documents\CODE\of_v0.8.0_vs_release\apps\myApps\KinestTest\obj\Debug\link.4780-cvtres.write.1.tlog
C:\Users\User\Documents\CODE\of_v0.8.0_vs_release\apps\myApps\KinestTest\obj\Debug\link.4780-rc.read.1.tlog
C:\Users\User\Documents\CODE\of_v0.8.0_vs_release\apps\myApps\KinestTest\obj\Debug\link.4780-rc.write.1.tlog
C:\Users\User\Documents\CODE\of_v0.8.0_vs_release\apps\myApps\KinestTest\obj\Debug\link.4780.read.1.tlog
C:\Users\User\Documents\CODE\of_v0.8.0_vs_release\apps\myApps\KinestTest\obj\Debug\link.4780.write.1.tlog
C:\Users\User\Documents\CODE\of_v0.8.0_vs_release\apps\myApps\KinestTest\obj\Debug\link.4824-cvtres.read.1.tlog
C:\Users\User\Documents\CODE\of_v0.8.0_vs_release\apps\myApps\KinestTest\obj\Debug\link.4824-cvtres.write.1.tlog
C:\Users\User\Documents\CODE\of_v0.8.0_vs_release\apps\myApps\KinestTest\obj\Debug\link.4824-rc.read.1.tlog
C:\Users\User\Documents\CODE\of_v0.8.0_vs_release\apps\myApps\KinestTest\obj\Debug\link.4824-rc.write.1.tlog
C:\Users\User\Documents\CODE\of_v0.8.0_vs_release\apps\myApps\KinestTest\obj\Debug\link.4824.read.1.tlog
C:\Users\User\Documents\CODE\of_v0.8.0_vs_release\apps\myApps\KinestTest\obj\Debug\link.4824.write.1.tlog
C:\Users\User\Documents\CODE\of_v0.8.0_vs_release\apps\myApps\KinestTest\obj\Debug\link.4836-cvtres.read.1.tlog
C:\Users\User\Documents\CODE\of_v0.8.0_vs_release\apps\myApps\KinestTest\obj\Debug\link.4836-cvtres.write.1.tlog
C:\Users\User\Documents\CODE\of_v0.8.0_vs_release\apps\myApps\KinestTest\obj\Debug\link.4836-rc.read.1.tlog
C:\Users\User\Documents\CODE\of_v0.8.0_vs_release\apps\myApps\KinestTest\obj\Debug\link.4836-rc.write.1.tlog
C:\Users\User\Documents\CODE\of_v0.8.0_vs_release\apps\myApps\KinestTest\obj\Debug\link.4836.read.1.tlog
C:\Users\User\Documents\CODE\of_v0.8.0_vs_release\apps\myApps\KinestTest\obj\Debug\link.4836.write.1.tlog
C:\Users\User\Documents\CODE\of_v0.8.0_vs_release\apps\myApps\KinestTest\obj\Debug\link.4940-cvtres.read.1.tlog
C:\Users\User\Documents\CODE\of_v0.8.0_vs_release\apps\myApps\KinestTest\obj\Debug\link.4940-cvtres.write.1.tlog
C:\Users\User\Documents\CODE\of_v0.8.0_vs_release\apps\myApps\KinestTest\obj\Debug\link.4940-rc.read.1.tlog
C:\Users\User\Documents\CODE\of_v0.8.0_vs_release\apps\myApps\KinestTest\obj\Debug\link.4940-rc.write.1.tlog
C:\Users\User\Documents\CODE\of_v0.8.0_vs_release\apps\myApps\KinestTest\obj\Debug\link.4940.read.1.tlog
C:\Users\User\Documents\CODE\of_v0.8.0_vs_release\apps\myApps\KinestTest\obj\Debug\link.4940.write.1.tlog
C:\Users\User\Documents\CODE\of_v0.8.0_vs_release\apps\myApps\KinestTest\obj\Debug\link.4956-cvtres.read.1.tlog
C:\Users\User\Documents\CODE\of_v0.8.0_vs_release\apps\myApps\KinestTest\obj\Debug\link.4956-cvtres.write.1.tlog
C:\Users\User\Documents\CODE\of_v0.8.0_vs_release\apps\myApps\KinestTest\obj\Debug\link.4956-rc.read.1.tlog
C:\Users\User\Documents\CODE\of_v0.8.0_vs_release\apps\myApps\KinestTest\obj\Debug\link.4956-rc.write.1.tlog
C:\Users\User\Documents\CODE\of_v0.8.0_vs_release\apps\myApps\KinestTest\obj\Debug\link.4956.read.1.tlog
C:\Users\User\Documents\CODE\of_v0.8.0_vs_release\apps\myApps\KinestTest\obj\Debug\link.4956.write.1.tlog
C:\Users\User\Documents\CODE\of_v0.8.0_vs_release\apps\myApps\KinestTest\obj\Debug\link.5156-cvtres.read.1.tlog
C:\Users\User\Documents\CODE\of_v0.8.0_vs_release\apps\myApps\KinestTest\obj\Debug\link.5156-cvtres.write.1.tlog
C:\Users\User\Documents\CODE\of_v0.8.0_vs_release\apps\myApps\KinestTest\obj\Debug\link.5156-rc.read.1.tlog
C:\Users\User\Documents\CODE\of_v0.8.0_vs_release\apps\myApps\KinestTest\obj\Debug\link.5156-rc.write.1.tlog
C:\Users\User\Documents\CODE\of_v0.8.0_vs_release\apps\myApps\KinestTest\obj\Debug\link.5156.read.1.tlog
C:\Users\User\Documents\CODE\of_v0.8.0_vs_release\apps\myApps\KinestTest\obj\Debug\link.5156.write.1.tlog
C:\Users\User\Documents\CODE\of_v0.8.0_vs_release\apps\myApps\KinestTest\obj\Debug\link.5416-cvtres.read.1.tlog
C:\Users\User\Documents\CODE\of_v0.8.0_vs_release\apps\myApps\KinestTest\obj\Debug\link.5416-cvtres.write.1.tlog
C:\Users\User\Documents\CODE\of_v0.8.0_vs_release\apps\myApps\KinestTest\obj\Debug\link.5416-rc.read.1.tlog
C:\Users\User\Documents\CODE\of_v0.8.0_vs_release\apps\myApps\KinestTest\obj\Debug\link.5416-rc.write.1.tlog
C:\Users\User\Documents\CODE\of_v0.8.0_vs_release\apps\myApps\KinestTest\obj\Debug\link.5416.read.1.tlog
C:\Users\User\Documents\CODE\of_v0.8.0_vs_release\apps\myApps\KinestTest\obj\Debug\link.5416.write.1.tlog
C:\Users\User\Documents\CODE\of_v0.8.0_vs_release\apps\myApps\KinestTest\obj\Debug\link.5448-cvtres.read.1.tlog
C:\Users\User\Documents\CODE\of_v0.8.0_vs_release\apps\myApps\KinestTest\obj\Debug\link.5448-cvtres.write.1.tlog
C:\Users\User\Documents\CODE\of_v0.8.0_vs_release\apps\myApps\KinestTest\obj\Debug\link.5448-rc.read.1.tlog
C:\Users\User\Documents\CODE\of_v0.8.0_vs_release\apps\myApps\KinestTest\obj\Debug\link.5448-rc.write.1.tlog
C:\Users\User\Documents\CODE\of_v0.8.0_vs_release\apps\myApps\KinestTest\obj\Debug\link.5448.read.1.tlog
C:\Users\User\Documents\CODE\of_v0.8.0_vs_release\apps\myApps\KinestTest\obj\Debug\link.5448.write.1.tlog
C:\Users\User\Documents\CODE\of_v0.8.0_vs_release\apps\myApps\KinestTest\obj\Debug\link.5508-cvtres.read.1.tlog
C:\Users\User\Documents\CODE\of_v0.8.0_vs_release\apps\myApps\KinestTest\obj\Debug\link.5508-cvtres.write.1.tlog
C:\Users\User\Documents\CODE\of_v0.8.0_vs_release\apps\myApps\KinestTest\obj\Debug\link.5508-rc.read.1.tlog
C:\Users\User\Documents\CODE\of_v0.8.0_vs_release\apps\myApps\KinestTest\obj\Debug\link.5508-rc.write.1.tlog
C:\Users\User\Documents\CODE\of_v0.8.0_vs_release\apps\myApps\KinestTest\obj\Debug\link.5508.read.1.tlog
C:\Users\User\Documents\CODE\of_v0.8.0_vs_release\apps\myApps\KinestTest\obj\Debug\link.5508.write.1.tlog
C:\Users\User\Documents\CODE\of_v0.8.0_vs_release\apps\myApps\KinestTest\obj\Debug\link.5848-cvtres.read.1.tlog
C:\Users\User\Documents\CODE\of_v0.8.0_vs_release\apps\myApps\KinestTest\obj\Debug\link.5848-cvtres.write.1.tlog
C:\Users\User\Documents\CODE\of_v0.8.0_vs_release\apps\myApps\KinestTest\obj\Debug\link.5848-rc.read.1.tlog
C:\Users\User\Documents\CODE\of_v0.8.0_vs_release\apps\myApps\KinestTest\obj\Debug\link.5848-rc.write.1.tlog
C:\Users\User\Documents\CODE\of_v0.8.0_vs_release\apps\myApps\KinestTest\obj\Debug\link.5848.read.1.tlog
C:\Users\User\Documents\CODE\of_v0.8.0_vs_release\apps\myApps\KinestTest\obj\Debug\link.5848.write.1.tlog
C:\Users\User\Documents\CODE\of_v0.8.0_vs_release\apps\myApps\KinestTest\obj\Debug\link.5884-cvtres.read.1.tlog
C:\Users\User\Documents\CODE\of_v0.8.0_vs_release\apps\myApps\KinestTest\obj\Debug\link.5884-cvtres.write.1.tlog
C:\Users\User\Documents\CODE\of_v0.8.0_vs_release\apps\myApps\KinestTest\obj\Debug\link.5884-rc.read.1.tlog
C:\Users\User\Documents\CODE\of_v0.8.0_vs_release\apps\myApps\KinestTest\obj\Debug\link.5884-rc.write.1.tlog
C:\Users\User\Documents\CODE\of_v0.8.0_vs_release\apps\myApps\KinestTest\obj\Debug\link.5884.read.1.tlog
C:\Users\User\Documents\CODE\of_v0.8.0_vs_release\apps\myApps\KinestTest\obj\Debug\link.5884.write.1.tlog
C:\Users\User\Documents\CODE\of_v0.8.0_vs_release\apps\myApps\KinestTest\obj\Debug\link.5936-cvtres.read.1.tlog
C:\Users\User\Documents\CODE\of_v0.8.0_vs_release\apps\myApps\KinestTest\obj\Debug\link.5936-cvtres.write.1.tlog
C:\Users\User\Documents\CODE\of_v0.8.0_vs_release\apps\myApps\KinestTest\obj\Debug\link.5936-rc.read.1.tlog
C:\Users\User\Documents\CODE\of_v0.8.0_vs_release\apps\myApps\KinestTest\obj\Debug\link.5936-rc.write.1.tlog
C:\Users\User\Documents\CODE\of_v0.8.0_vs_release\apps\myApps\KinestTest\obj\Debug\link.5936.read.1.tlog
C:\Users\User\Documents\CODE\of_v0.8.0_vs_release\apps\myApps\KinestTest\obj\Debug\link.5936.write.1.tlog
C:\Users\User\Documents\CODE\of_v0.8.0_vs_release\apps\myApps\KinestTest\obj\Debug\link.6048-cvtres.read.1.tlog
C:\Users\User\Documents\CODE\of_v0.8.0_vs_release\apps\myApps\KinestTest\obj\Debug\link.6048-cvtres.write.1.tlog
C:\Users\User\Documents\CODE\of_v0.8.0_vs_release\apps\myApps\KinestTest\obj\Debug\link.6048-rc.read.1.tlog
C:\Users\User\Documents\CODE\of_v0.8.0_vs_release\apps\myApps\KinestTest\obj\Debug\link.6048-rc.write.1.tlog
C:\Users\User\Documents\CODE\of_v0.8.0_vs_release\apps\myApps\KinestTest\obj\Debug\link.6048.read.1.tlog
C:\Users\User\Documents\CODE\of_v0.8.0_vs_release\apps\myApps\KinestTest\obj\Debug\link.6048.write.1.tlog
C:\Users\User\Documents\CODE\of_v0.8.0_vs_release\apps\myApps\KinestTest\obj\Debug\link.6120-cvtres.read.1.tlog
C:\Users\User\Documents\CODE\of_v0.8.0_vs_release\apps\myApps\KinestTest\obj\Debug\link.6120-cvtres.write.1.tlog
C:\Users\User\Documents\CODE\of_v0.8.0_vs_release\apps\myApps\KinestTest\obj\Debug\link.6120-rc.read.1.tlog
C:\Users\User\Documents\CODE\of_v0.8.0_vs_release\apps\myApps\KinestTest\obj\Debug\link.6120-rc.write.1.tlog
C:\Users\User\Documents\CODE\of_v0.8.0_vs_release\apps\myApps\KinestTest\obj\Debug\link.6120.read.1.tlog
C:\Users\User\Documents\CODE\of_v0.8.0_vs_release\apps\myApps\KinestTest\obj\Debug\link.6120.write.1.tlog
C:\Users\User\Documents\CODE\of_v0.8.0_vs_release\apps\myApps\KinestTest\obj\Debug\link.716-cvtres.read.1.tlog
C:\Users\User\Documents\CODE\of_v0.8.0_vs_release\apps\myApps\KinestTest\obj\Debug\link.716-cvtres.write.1.tlog
C:\Users\User\Documents\CODE\of_v0.8.0_vs_release\apps\myApps\KinestTest\obj\Debug\link.716-rc.read.1.tlog
C:\Users\User\Documents\CODE\of_v0.8.0_vs_release\apps\myApps\KinestTest\obj\Debug\link.716-rc.write.1.tlog
C:\Users\User\Documents\CODE\of_v0.8.0_vs_release\apps\myApps\KinestTest\obj\Debug\link.716.read.1.tlog
C:\Users\User\Documents\CODE\of_v0.8.0_vs_release\apps\myApps\KinestTest\obj\Debug\link.716.write.1.tlog
C:\Users\User\Documents\CODE\of_v0.8.0_vs_release\apps\myApps\KinestTest\obj\Debug\link.command.1.tlog
C:\Users\User\Documents\CODE\of_v0.8.0_vs_release\apps\myApps\KinestTest\obj\Debug\link.read.1.tlog
C:\Users\User\Documents\CODE\of_v0.8.0_vs_release\apps\myApps\KinestTest\obj\Debug\link.write.1.tlog
C:\Users\User\Documents\CODE\of_v0.8.0_vs_release\apps\myApps\KinestTest\obj\Debug\rc.command.1.tlog
C:\Users\User\Documents\CODE\of_v0.8.0_vs_release\apps\myApps\KinestTest\obj\Debug\rc.read.1.tlog
C:\Users\User\Documents\CODE\of_v0.8.0_vs_release\apps\myApps\KinestTest\obj\Debug\rc.write.1.tlog
C:\Users\User\Documents\CODE\of_v0.8.0_vs_release\apps\myApps\KinestTest\obj\Debug\icon.res
C:\Users\User\Documents\CODE\of_v0.8.0_vs_release\apps\myApps\KinestTest\obj\Debug\vc110.idb
C:\Users\User\Documents\CODE\of_v0.8.0_vs_release\apps\myApps\KinestTest\obj\Debug\vc110.pdb
C:\Users\User\Documents\CODE\of_v0.8.0_vs_release\apps\myApps\KinestTest\bin\kinectExample_debug.exe
