Build started 9/10/2013 6:00:01 PM.
     1>Project "C:\Users\User\Documents\CODE\of_v0.8.0_vs_release\apps\TheArtBox\TheArtBox\TheArtBox.vcxproj" on node 2 (Build target(s)).
     1>Link:
         TheArtBox.vcxproj -> C:\Users\User\Documents\CODE\of_v0.8.0_vs_release\apps\TheArtBox\TheArtBox\bin\TheArtBox_debug.exe
       PostBuildEvent:
         xcopy /e /i /y "C:\Users\User\Documents\CODE\of_v0.8.0_vs_release\apps\TheArtBox\TheArtBox\..\..\..\export\vs\*.dll" "C:\Users\User\Documents\CODE\of_v0.8.0_vs_release\apps\TheArtBox\TheArtBox\bin"
         :VCEnd
         C:\Users\User\Documents\CODE\of_v0.8.0_vs_release\apps\TheArtBox\TheArtBox\..\..\..\export\vs\Assimp32.dll
         C:\Users\User\Documents\CODE\of_v0.8.0_vs_release\apps\TheArtBox\TheArtBox\..\..\..\export\vs\fmodex.dll
         C:\Users\User\Documents\CODE\of_v0.8.0_vs_release\apps\TheArtBox\TheArtBox\..\..\..\export\vs\fmodexL.dll
         C:\Users\User\Documents\CODE\of_v0.8.0_vs_release\apps\TheArtBox\TheArtBox\..\..\..\export\vs\FreeImage.dll
         C:\Users\User\Documents\CODE\of_v0.8.0_vs_release\apps\TheArtBox\TheArtBox\..\..\..\export\vs\FreeType-6.dll
         C:\Users\User\Documents\CODE\of_v0.8.0_vs_release\apps\TheArtBox\TheArtBox\..\..\..\export\vs\glut32.dll
         C:\Users\User\Documents\CODE\of_v0.8.0_vs_release\apps\TheArtBox\TheArtBox\..\..\..\export\vs\libeay32.dll
         C:\Users\User\Documents\CODE\of_v0.8.0_vs_release\apps\TheArtBox\TheArtBox\..\..\..\export\vs\ssleay32.dll
         C:\Users\User\Documents\CODE\of_v0.8.0_vs_release\apps\TheArtBox\TheArtBox\..\..\..\export\vs\Zlib.dll
         9 File(s) copied
     1>Done Building Project "C:\Users\User\Documents\CODE\of_v0.8.0_vs_release\apps\TheArtBox\TheArtBox\TheArtBox.vcxproj" (Build target(s)).

Build succeeded.

Time Elapsed 00:00:00.11
