C:\USERS\USER\DOCUMENTS\CODE\OF_V0.8.0_VS_RELEASE\APPS\MYAPPS\THEARTBOX\OBJ\DEBUG\MAIN.OBJ
C:\USERS\USER\DOCUMENTS\CODE\OF_V0.8.0_VS_RELEASE\APPS\MYAPPS\THEARTBOX\OBJ\DEBUG\TESTAPP.OBJ
C:\USERS\USER\DOCUMENTS\CODE\OF_V0.8.0_VS_RELEASE\APPS\MYAPPS\THEARTBOX\OBJ\DEBUG\OFXXMLSETTINGS.OBJ
C:\USERS\USER\DOCUMENTS\CODE\OF_V0.8.0_VS_RELEASE\APPS\MYAPPS\THEARTBOX\OBJ\DEBUG\TINYXML.OBJ
C:\USERS\USER\DOCUMENTS\CODE\OF_V0.8.0_VS_RELEASE\APPS\MYAPPS\THEARTBOX\OBJ\DEBUG\TINYXMLERROR.OBJ
C:\USERS\USER\DOCUMENTS\CODE\OF_V0.8.0_VS_RELEASE\APPS\MYAPPS\THEARTBOX\OBJ\DEBUG\TINYXMLPARSER.OBJ
C:\USERS\USER\DOCUMENTS\CODE\OF_V0.8.0_VS_RELEASE\APPS\MYAPPS\THEARTBOX\OBJ\DEBUG\VC110.PDB
C:\USERS\USER\DOCUMENTS\CODE\OF_V0.8.0_VS_RELEASE\APPS\MYAPPS\THEARTBOX\BIN\THEARTBOX_DEBUG.ILK
C:\USERS\USER\DOCUMENTS\CODE\OF_V0.8.0_VS_RELEASE\APPS\MYAPPS\THEARTBOX\BIN\THEARTBOX_DEBUG.EXE
C:\USERS\USER\DOCUMENTS\CODE\OF_V0.8.0_VS_RELEASE\APPS\MYAPPS\THEARTBOX\BIN\THEARTBOX_DEBUG.PDB
C:\USERS\USER\DOCUMENTS\CODE\OF_V0.8.0_VS_RELEASE\APPS\MYAPPS\THEARTBOX\OBJ\DEBUG\ICON.RES
C:\Users\User\Documents\CODE\of_v0.8.0_vs_release\apps\myApps\TheArtBox\bin\TheArtBox_debug.lib
C:\Users\User\Documents\CODE\of_v0.8.0_vs_release\apps\myApps\TheArtBox\bin\TheArtBox_debug.exp
C:\Users\User\Documents\CODE\of_v0.8.0_vs_release\apps\myApps\TheArtBox\obj\Debug\main.obj
C:\Users\User\Documents\CODE\of_v0.8.0_vs_release\apps\myApps\TheArtBox\obj\Debug\ofxXmlSettings.obj
C:\Users\User\Documents\CODE\of_v0.8.0_vs_release\apps\myApps\TheArtBox\obj\Debug\testApp.obj
C:\Users\User\Documents\CODE\of_v0.8.0_vs_release\apps\myApps\TheArtBox\obj\Debug\tinyxml.obj
C:\Users\User\Documents\CODE\of_v0.8.0_vs_release\apps\myApps\TheArtBox\obj\Debug\tinyxmlerror.obj
C:\Users\User\Documents\CODE\of_v0.8.0_vs_release\apps\myApps\TheArtBox\obj\Debug\tinyxmlparser.obj
C:\Users\User\Documents\CODE\of_v0.8.0_vs_release\apps\myApps\TheArtBox\obj\Debug\cl.command.1.tlog
C:\Users\User\Documents\CODE\of_v0.8.0_vs_release\apps\myApps\TheArtBox\obj\Debug\CL.read.1.tlog
C:\Users\User\Documents\CODE\of_v0.8.0_vs_release\apps\myApps\TheArtBox\obj\Debug\CL.write.1.tlog
C:\Users\User\Documents\CODE\of_v0.8.0_vs_release\apps\myApps\TheArtBox\obj\Debug\link-cvtres.read.1.tlog
C:\Users\User\Documents\CODE\of_v0.8.0_vs_release\apps\myApps\TheArtBox\obj\Debug\link-cvtres.write.1.tlog
C:\Users\User\Documents\CODE\of_v0.8.0_vs_release\apps\myApps\TheArtBox\obj\Debug\link-rc.read.1.tlog
C:\Users\User\Documents\CODE\of_v0.8.0_vs_release\apps\myApps\TheArtBox\obj\Debug\link-rc.write.1.tlog
C:\Users\User\Documents\CODE\of_v0.8.0_vs_release\apps\myApps\TheArtBox\obj\Debug\link.command.1.tlog
C:\Users\User\Documents\CODE\of_v0.8.0_vs_release\apps\myApps\TheArtBox\obj\Debug\link.read.1.tlog
C:\Users\User\Documents\CODE\of_v0.8.0_vs_release\apps\myApps\TheArtBox\obj\Debug\link.write.1.tlog
C:\Users\User\Documents\CODE\of_v0.8.0_vs_release\apps\myApps\TheArtBox\obj\Debug\rc.command.1.tlog
C:\Users\User\Documents\CODE\of_v0.8.0_vs_release\apps\myApps\TheArtBox\obj\Debug\rc.read.1.tlog
C:\Users\User\Documents\CODE\of_v0.8.0_vs_release\apps\myApps\TheArtBox\obj\Debug\rc.write.1.tlog
C:\Users\User\Documents\CODE\of_v0.8.0_vs_release\apps\myApps\TheArtBox\obj\Debug\TheArtBox.write.1.tlog
C:\Users\User\Documents\CODE\of_v0.8.0_vs_release\apps\myApps\TheArtBox\obj\Debug\icon.res
C:\Users\User\Documents\CODE\of_v0.8.0_vs_release\apps\myApps\TheArtBox\obj\Debug\vc110.idb
C:\Users\User\Documents\CODE\of_v0.8.0_vs_release\apps\myApps\TheArtBox\obj\Debug\vc110.pdb
C:\Users\User\Documents\CODE\of_v0.8.0_vs_release\apps\myApps\TheArtBox\bin\TheArtBox_debug.exe
